<?xml version="1.0" encoding="UTF-8"?>
<!-- Generated by org.testng.reporters.JUnitReportReporter -->
<testsuite hostname="Eder" failures="0" tests="1" name="tests.JsonSchemaValidator" time="4.689" errors="0" timestamp="2021-06-09T17:52:52 BRT" skipped="0">
  <testcase classname="tests.JsonSchemaValidator" name="testGet" time="4.689"/>
  <system-out/>
</testsuite> <!-- tests.JsonSchemaValidator -->
