<?xml version="1.0" encoding="UTF-8"?>
<!-- Generated by org.testng.reporters.JUnitReportReporter -->
<testsuite hostname="Eder" failures="0" tests="1" name="tests.SoapXMLRequest" time="4.759" errors="0" timestamp="2021-06-09T20:00:20 BRT" skipped="0">
  <testcase classname="tests.SoapXMLRequest" name="validateSoapXML" time="4.759"/>
  <system-out/>
</testsuite> <!-- tests.SoapXMLRequest -->
