<?xml version="1.0" encoding="UTF-8"?>
<!-- Generated by org.testng.reporters.JUnitReportReporter -->
<testsuite hostname="Eder" failures="0" tests="1" name="tests.TestGetPost" time="4.159" errors="0" timestamp="2021-06-09T12:09:19 BRT" skipped="0">
  <testcase classname="tests.TestGetPost" name="testGet" time="4.159"/>
  <system-out/>
</testsuite> <!-- tests.TestGetPost -->
