<?xml version="1.0" encoding="UTF-8"?>
<!-- Generated by org.testng.reporters.JUnitReportReporter -->
<testsuite hostname="Eder" failures="0" tests="1" name="tests.TestPatch" time="4.089" errors="0" timestamp="2021-06-09T16:02:59 BRT" skipped="0">
  <testcase classname="tests.TestPatch" name="testPatch" time="4.089"/>
  <system-out/>
</testsuite> <!-- tests.TestPatch -->
