<?xml version="1.0" encoding="UTF-8"?>
<!-- Generated by org.testng.reporters.JUnitReportReporter -->
<testsuite hostname="Eder" failures="0" tests="1" name="tests.TestsOnLocalAPI" time="2.484" errors="0" timestamp="2021-06-09T17:25:50 BRT" skipped="0">
  <testcase classname="tests.TestsOnLocalAPI" name="deleteTestOnLocalAPI" time="2.484"/>
  <system-out/>
</testsuite> <!-- tests.TestsOnLocalAPI -->
