<?xml version="1.0" encoding="UTF-8"?>
<!-- Generated by org.testng.reporters.JUnitReportReporter -->
<testsuite hostname="Eder" failures="0" tests="1" name="tests.TestPut" time="4.277" errors="0" timestamp="2021-06-09T16:00:17 BRT" skipped="0">
  <testcase classname="tests.TestPut" name="testPut" time="4.277"/>
  <system-out/>
</testsuite> <!-- tests.TestPut -->
