<?xml version="1.0" encoding="UTF-8"?>
<!-- Generated by org.testng.reporters.JUnitReportReporter -->
<testsuite hostname="Eder" failures="0" tests="1" name="tests.TestDelete" time="3.348" errors="0" timestamp="2021-06-09T16:15:36 BRT" skipped="0">
  <testcase classname="tests.TestDelete" name="testDelete" time="3.348"/>
  <system-out/>
</testsuite> <!-- tests.TestDelete -->
