<?xml version="1.0" encoding="UTF-8"?>
<!-- Generated by org.testng.reporters.JUnitReportReporter -->
<testsuite hostname="Eder" failures="0" tests="1" name="tests.TestsOnLocalAPI" time="3.692" errors="0" timestamp="2021-06-09T20:40:00 BRT" skipped="0">
  <testcase classname="tests.TestsOnLocalAPI" name="getTestOnLocalAPI" time="3.692"/>
  <system-out/>
</testsuite> <!-- tests.TestsOnLocalAPI -->
