<?xml version="1.0" encoding="UTF-8"?>
<!-- Generated by org.testng.reporters.JUnitReportReporter -->
<testsuite hostname="Eder" failures="0" tests="1" name="tests.XMLSchemaValidator" time="4.896" errors="0" timestamp="2021-06-09T20:56:54 BRT" skipped="0">
  <testcase classname="tests.XMLSchemaValidator" name="testGet" time="4.896"/>
  <system-out/>
</testsuite> <!-- tests.XMLSchemaValidator -->
