<?xml version="1.0" encoding="UTF-8"?>
<!-- Generated by org.testng.reporters.JUnitReportReporter -->
<testsuite hostname="Eder" failures="0" tests="1" name="tests.TestPost" time="3.801" errors="0" timestamp="2021-06-09T15:21:49 BRT" skipped="0">
  <testcase classname="tests.TestPost" name="testPost" time="3.801"/>
  <system-out/>
</testsuite> <!-- tests.TestPost -->
