<?xml version="1.0" encoding="UTF-8"?>
<!-- Generated by org.testng.reporters.JUnitReportReporter -->
<testsuite hostname="Eder" failures="0" tests="1" name="tests.TestGet" time="3.793" errors="0" timestamp="2021-06-09T12:11:39 BRT" skipped="0">
  <testcase classname="tests.TestGet" name="testGet" time="3.793"/>
  <system-out/>
</testsuite> <!-- tests.TestGet -->
