<?xml version="1.0" encoding="UTF-8"?>
<!-- Generated by org.testng.reporters.JUnitReportReporter -->
<testsuite hostname="Eder" failures="0" tests="3" name="tests.TestExamples" time="4.525" errors="0" timestamp="2021-06-09T11:12:31 BRT" skipped="0">
  <testcase classname="tests.TestExamples" name="test1" time="2.964"/>
  <system-out/>
  <testcase classname="tests.TestExamples" name="test2" time="0.327"/>
  <system-out/>
  <testcase classname="tests.TestExamples" name="test3" time="1.234"/>
  <system-out/>
</testsuite> <!-- tests.TestExamples -->
